  Building 'Inject' with toolset 'WindowsKernelModeDriver10.0' and the 'Desktop' target platform.
  Inject.c
inject\Inject.c(182): warning C4047: “初始化”:“ULONG64”与“void *”的间接级别不同
inject\Inject.c(237): warning C4022: “threadFunc”: 指针与实参 6 不匹配
inject\Inject.c(210): warning C4189: “ReginSize”: 局部变量已初始化但不引用
inject\Inject.c(273): warning C4047: “return”:“NTSTATUS”与“void *”的间接级别不同
inject\Inject.c(334): warning C4047: “函数”:“ULONG64”与“PUCHAR”的间接级别不同
inject\Inject.c(334): warning C4024: “CreateRemoteThreadByProcess”: 形参和实参 3 的类型不同
inject\Inject.c(345): warning C4133: “初始化”: 从“PUCHAR”到“PLIST_ENTRY”的类型不兼容
inject\Inject.c(384): warning C4100: “shellcodeSize”: 未引用的形参
inject\Inject.c(384): warning C4100: “shellcode”: 未引用的形参
inject\Inject.c(384): warning C4100: “pid”: 未引用的形参
  MainDriver.c
MainDriver.c(5): warning C4100: “pDriver”: 未引用的形参
MainDriver.c(21): warning C4022: “InjectX64”: 指针与实参 1 不匹配
MainDriver.c(21): warning C4057: “函数”:“char *”与“unsigned char *”在稍微不同的基类型间接寻址上不同
MainDriver.c(10): warning C4100: “pReg”: 未引用的形参
  Memory.c
Memory.c(7): warning C4214: 使用了非标准扩展: 整形以外的位域类型
Memory.c(8): warning C4214: 使用了非标准扩展: 整形以外的位域类型
Memory.c(9): warning C4214: 使用了非标准扩展: 整形以外的位域类型
Memory.c(10): warning C4214: 使用了非标准扩展: 整形以外的位域类型
Memory.c(11): warning C4214: 使用了非标准扩展: 整形以外的位域类型
Memory.c(12): warning C4214: 使用了非标准扩展: 整形以外的位域类型
Memory.c(13): warning C4214: 使用了非标准扩展: 整形以外的位域类型
Memory.c(14): warning C4214: 使用了非标准扩展: 整形以外的位域类型
Memory.c(15): warning C4214: 使用了非标准扩展: 整形以外的位域类型
Memory.c(16): warning C4214: 使用了非标准扩展: 整形以外的位域类型
Memory.c(17): warning C4214: 使用了非标准扩展: 整形以外的位域类型
Memory.c(18): warning C4214: 使用了非标准扩展: 整形以外的位域类型
Memory.c(19): warning C4214: 使用了非标准扩展: 整形以外的位域类型
Memory.c(20): warning C4214: 使用了非标准扩展: 整形以外的位域类型
Memory.c(21): warning C4214: 使用了非标准扩展: 整形以外的位域类型
Memory.c(22): warning C4214: 使用了非标准扩展: 整形以外的位域类型
Memory.c(31): warning C4133: “函数”: 从“RTL_OSVERSIONINFOEXW *”到“PRTL_OSVERSIONINFOW”的类型不兼容
Memory.c(104): warning C4047: “初始化”:“PHardwarePte”与“ULONG64”的间接级别不同
Memory.c(113): warning C4047: “初始化”:“PHardwarePte”与“ULONG64”的间接级别不同
Memory.c(158): warning C4047: “函数”:“ULONG64”与“PVOID”的间接级别不同
Memory.c(158): warning C4024: “SetExecutePage”: 形参和实参 1 的类型不同
Memory.c(158): warning C4242: “函数”: 从“SIZE_T”转换到“ULONG”，可能丢失数据
  正在生成代码...
  Inject.vcxproj -> E:\driver_project\zj\zj5\zx\Inject\x64\Debug\Inject.sys
  Inject.vcxproj -> E:\driver_project\zj\zj5\zx\Inject\x64\Debug\Inject.pdb (Full PDB)
  Done Adding Additional Store
  Successfully signed: E:\driver_project\zj\zj5\zx\Inject\x64\Debug\Inject.sys
  
  Inf2Cat task was skipped as there were no inf files to process
  
